18-Sep-2018 10:41:41.221 INFO [ContainerBackgroundProcessor[StandardEngine[Catalina]]] org.apache.catalina.startup.HostConfig.undeploy Undeploying context [/ToD-0.0.1-SNAPSHOT]
18-Sep-2018 10:42:51.289 INFO [localhost-startStop-3] org.apache.catalina.startup.HostConfig.deployWAR Deploying web application archive [/opt/tomcat/webapps/tod.war]
18-Sep-2018 10:42:53.877 INFO [localhost-startStop-3] org.apache.jasper.servlet.TldScanner.scanJars At least one JAR was scanned for TLDs yet contained no TLDs. Enable debug logging for this logger for a complete list of JARs that were scanned but no TLDs were found in them. Skipping unneeded JARs during scanning can improve startup time and JSP compilation time.
18-Sep-2018 10:42:54.053 SEVERE [localhost-startStop-3] org.apache.catalina.core.StandardContext.startInternal One or more listeners failed to start. Full details will be found in the appropriate container log file
18-Sep-2018 10:42:54.054 SEVERE [localhost-startStop-3] org.apache.catalina.core.StandardContext.startInternal Context [/tod] startup failed due to previous errors
18-Sep-2018 10:42:54.076 INFO [localhost-startStop-3] org.apache.catalina.startup.HostConfig.deployWAR Deployment of web application archive [/opt/tomcat/webapps/tod.war] has finished in [2,787] ms
18-Sep-2018 10:43:21.887 INFO [main] org.apache.catalina.core.StandardServer.await A valid shutdown command was received via the shutdown port. Stopping the Server instance.
18-Sep-2018 10:43:21.888 INFO [main] org.apache.coyote.AbstractProtocol.pause Pausing ProtocolHandler ["http-nio-8080"]
18-Sep-2018 10:43:21.945 INFO [main] org.apache.coyote.AbstractProtocol.pause Pausing ProtocolHandler ["ajp-nio-8009"]
18-Sep-2018 10:43:21.998 INFO [main] org.apache.catalina.core.StandardService.stopInternal Stopping service [Catalina]
18-Sep-2018 10:43:22.044 INFO [main] org.apache.coyote.AbstractProtocol.stop Stopping ProtocolHandler ["http-nio-8080"]
18-Sep-2018 10:43:22.047 INFO [main] org.apache.coyote.AbstractProtocol.stop Stopping ProtocolHandler ["ajp-nio-8009"]
18-Sep-2018 10:43:22.062 INFO [main] org.apache.coyote.AbstractProtocol.destroy Destroying ProtocolHandler ["http-nio-8080"]
18-Sep-2018 10:43:22.063 INFO [main] org.apache.coyote.AbstractProtocol.destroy Destroying ProtocolHandler ["ajp-nio-8009"]
18-Sep-2018 10:43:31.790 INFO [main] org.apache.catalina.startup.VersionLoggerListener.log Server version:        Apache Tomcat/8.5.34
18-Sep-2018 10:43:31.793 INFO [main] org.apache.catalina.startup.VersionLoggerListener.log Server built:          Sep 4 2018 22:28:22 UTC
18-Sep-2018 10:43:31.793 INFO [main] org.apache.catalina.startup.VersionLoggerListener.log Server number:         8.5.34.0
18-Sep-2018 10:43:31.793 INFO [main] org.apache.catalina.startup.VersionLoggerListener.log OS Name:               Linux
18-Sep-2018 10:43:31.793 INFO [main] org.apache.catalina.startup.VersionLoggerListener.log OS Version:            3.10.0-862.11.6.el7.x86_64
18-Sep-2018 10:43:31.793 INFO [main] org.apache.catalina.startup.VersionLoggerListener.log Architecture:          amd64
18-Sep-2018 10:43:31.793 INFO [main] org.apache.catalina.startup.VersionLoggerListener.log Java Home:             /usr/lib/jvm/java-1.8.0-openjdk-1.8.0.181-3.b13.el7_5.x86_64/jre
18-Sep-2018 10:43:31.793 INFO [main] org.apache.catalina.startup.VersionLoggerListener.log JVM Version:           1.8.0_181-b13
18-Sep-2018 10:43:31.793 INFO [main] org.apache.catalina.startup.VersionLoggerListener.log JVM Vendor:            Oracle Corporation
18-Sep-2018 10:43:31.793 INFO [main] org.apache.catalina.startup.VersionLoggerListener.log CATALINA_BASE:         /opt/tomcat
18-Sep-2018 10:43:31.793 INFO [main] org.apache.catalina.startup.VersionLoggerListener.log CATALINA_HOME:         /opt/tomcat
18-Sep-2018 10:43:31.794 INFO [main] org.apache.catalina.startup.VersionLoggerListener.log Command line argument: -Djava.util.logging.config.file=/opt/tomcat/conf/logging.properties
18-Sep-2018 10:43:31.794 INFO [main] org.apache.catalina.startup.VersionLoggerListener.log Command line argument: -Djava.util.logging.manager=org.apache.juli.ClassLoaderLogManager
18-Sep-2018 10:43:31.794 INFO [main] org.apache.catalina.startup.VersionLoggerListener.log Command line argument: -Djdk.tls.ephemeralDHKeySize=2048
18-Sep-2018 10:43:31.794 INFO [main] org.apache.catalina.startup.VersionLoggerListener.log Command line argument: -Djava.protocol.handler.pkgs=org.apache.catalina.webresources
18-Sep-2018 10:43:31.794 INFO [main] org.apache.catalina.startup.VersionLoggerListener.log Command line argument: -Dorg.apache.catalina.security.SecurityListener.UMASK=0027
18-Sep-2018 10:43:31.794 INFO [main] org.apache.catalina.startup.VersionLoggerListener.log Command line argument: -Dignore.endorsed.dirs=
18-Sep-2018 10:43:31.794 INFO [main] org.apache.catalina.startup.VersionLoggerListener.log Command line argument: -Dcatalina.base=/opt/tomcat
18-Sep-2018 10:43:31.794 INFO [main] org.apache.catalina.startup.VersionLoggerListener.log Command line argument: -Dcatalina.home=/opt/tomcat
18-Sep-2018 10:43:31.794 INFO [main] org.apache.catalina.startup.VersionLoggerListener.log Command line argument: -Djava.io.tmpdir=/opt/tomcat/temp
18-Sep-2018 10:43:31.794 INFO [main] org.apache.catalina.core.AprLifecycleListener.lifecycleEvent The APR based Apache Tomcat Native library which allows optimal performance in production environments was not found on the java.library.path: [/usr/java/packages/lib/amd64:/usr/lib64:/lib64:/lib:/usr/lib]
18-Sep-2018 10:43:31.894 INFO [main] org.apache.coyote.AbstractProtocol.init Initializing ProtocolHandler ["http-nio-8080"]
18-Sep-2018 10:43:31.907 INFO [main] org.apache.tomcat.util.net.NioSelectorPool.getSharedSelector Using a shared selector for servlet write/read
18-Sep-2018 10:43:31.913 INFO [main] org.apache.coyote.AbstractProtocol.init Initializing ProtocolHandler ["ajp-nio-8009"]
18-Sep-2018 10:43:31.915 INFO [main] org.apache.tomcat.util.net.NioSelectorPool.getSharedSelector Using a shared selector for servlet write/read
18-Sep-2018 10:43:31.915 INFO [main] org.apache.catalina.startup.Catalina.load Initialization processed in 656 ms
18-Sep-2018 10:43:31.941 INFO [main] org.apache.catalina.core.StandardService.startInternal Starting service [Catalina]
18-Sep-2018 10:43:31.941 INFO [main] org.apache.catalina.core.StandardEngine.startInternal Starting Servlet Engine: Apache Tomcat/8.5.34
18-Sep-2018 10:43:31.976 INFO [localhost-startStop-1] org.apache.catalina.startup.HostConfig.deployWAR Deploying web application archive [/opt/tomcat/webapps/tod.war]
18-Sep-2018 10:43:34.520 INFO [localhost-startStop-1] org.apache.jasper.servlet.TldScanner.scanJars At least one JAR was scanned for TLDs yet contained no TLDs. Enable debug logging for this logger for a complete list of JARs that were scanned but no TLDs were found in them. Skipping unneeded JARs during scanning can improve startup time and JSP compilation time.
18-Sep-2018 10:43:34.707 SEVERE [localhost-startStop-1] org.apache.catalina.core.StandardContext.startInternal One or more listeners failed to start. Full details will be found in the appropriate container log file
18-Sep-2018 10:43:34.718 SEVERE [localhost-startStop-1] org.apache.catalina.core.StandardContext.startInternal Context [/tod] startup failed due to previous errors
18-Sep-2018 10:43:34.739 INFO [localhost-startStop-1] org.apache.catalina.startup.HostConfig.deployWAR Deployment of web application archive [/opt/tomcat/webapps/tod.war] has finished in [2,762] ms
18-Sep-2018 10:43:34.743 INFO [localhost-startStop-1] org.apache.catalina.startup.HostConfig.deployDirectory Deploying web application directory [/opt/tomcat/webapps/ROOT]
18-Sep-2018 10:43:34.774 INFO [localhost-startStop-1] org.apache.catalina.startup.HostConfig.deployDirectory Deployment of web application directory [/opt/tomcat/webapps/ROOT] has finished in [32] ms
18-Sep-2018 10:43:34.774 INFO [localhost-startStop-1] org.apache.catalina.startup.HostConfig.deployDirectory Deploying web application directory [/opt/tomcat/webapps/manager]
18-Sep-2018 10:43:34.803 INFO [localhost-startStop-1] org.apache.catalina.startup.HostConfig.deployDirectory Deployment of web application directory [/opt/tomcat/webapps/manager] has finished in [29] ms
18-Sep-2018 10:43:34.803 INFO [localhost-startStop-1] org.apache.catalina.startup.HostConfig.deployDirectory Deploying web application directory [/opt/tomcat/webapps/host-manager]
18-Sep-2018 10:43:34.839 INFO [localhost-startStop-1] org.apache.catalina.startup.HostConfig.deployDirectory Deployment of web application directory [/opt/tomcat/webapps/host-manager] has finished in [36] ms
18-Sep-2018 10:43:34.839 INFO [localhost-startStop-1] org.apache.catalina.startup.HostConfig.deployDirectory Deploying web application directory [/opt/tomcat/webapps/examples]
18-Sep-2018 10:43:35.014 INFO [localhost-startStop-1] org.apache.catalina.startup.HostConfig.deployDirectory Deployment of web application directory [/opt/tomcat/webapps/examples] has finished in [174] ms
18-Sep-2018 10:43:35.014 INFO [localhost-startStop-1] org.apache.catalina.startup.HostConfig.deployDirectory Deploying web application directory [/opt/tomcat/webapps/docs]
18-Sep-2018 10:43:35.027 INFO [localhost-startStop-1] org.apache.catalina.startup.HostConfig.deployDirectory Deployment of web application directory [/opt/tomcat/webapps/docs] has finished in [13] ms
18-Sep-2018 10:43:35.070 INFO [main] org.apache.coyote.AbstractProtocol.start Starting ProtocolHandler ["http-nio-8080"]
18-Sep-2018 10:43:35.094 INFO [main] org.apache.coyote.AbstractProtocol.start Starting ProtocolHandler ["ajp-nio-8009"]
18-Sep-2018 10:43:35.099 INFO [main] org.apache.catalina.startup.Catalina.start Server startup in 3183 ms
18-Sep-2018 10:55:45.009 INFO [main] org.apache.catalina.core.StandardServer.await A valid shutdown command was received via the shutdown port. Stopping the Server instance.
18-Sep-2018 10:55:45.011 INFO [main] org.apache.coyote.AbstractProtocol.pause Pausing ProtocolHandler ["http-nio-8080"]
18-Sep-2018 10:55:45.069 INFO [main] org.apache.coyote.AbstractProtocol.pause Pausing ProtocolHandler ["ajp-nio-8009"]
18-Sep-2018 10:55:45.122 INFO [main] org.apache.catalina.core.StandardService.stopInternal Stopping service [Catalina]
18-Sep-2018 10:55:45.145 INFO [main] org.apache.coyote.AbstractProtocol.stop Stopping ProtocolHandler ["http-nio-8080"]
18-Sep-2018 10:55:45.152 INFO [main] org.apache.coyote.AbstractProtocol.stop Stopping ProtocolHandler ["ajp-nio-8009"]
18-Sep-2018 10:55:45.160 INFO [main] org.apache.coyote.AbstractProtocol.destroy Destroying ProtocolHandler ["http-nio-8080"]
18-Sep-2018 10:55:45.161 INFO [main] org.apache.coyote.AbstractProtocol.destroy Destroying ProtocolHandler ["ajp-nio-8009"]
18-Sep-2018 10:56:11.289 INFO [main] org.apache.catalina.startup.VersionLoggerListener.log Server version:        Apache Tomcat/8.5.34
18-Sep-2018 10:56:11.293 INFO [main] org.apache.catalina.startup.VersionLoggerListener.log Server built:          Sep 4 2018 22:28:22 UTC
18-Sep-2018 10:56:11.293 INFO [main] org.apache.catalina.startup.VersionLoggerListener.log Server number:         8.5.34.0
18-Sep-2018 10:56:11.293 INFO [main] org.apache.catalina.startup.VersionLoggerListener.log OS Name:               Linux
18-Sep-2018 10:56:11.293 INFO [main] org.apache.catalina.startup.VersionLoggerListener.log OS Version:            3.10.0-862.11.6.el7.x86_64
18-Sep-2018 10:56:11.293 INFO [main] org.apache.catalina.startup.VersionLoggerListener.log Architecture:          amd64
18-Sep-2018 10:56:11.293 INFO [main] org.apache.catalina.startup.VersionLoggerListener.log Java Home:             /usr/lib/jvm/java-1.8.0-openjdk-1.8.0.181-3.b13.el7_5.x86_64/jre
18-Sep-2018 10:56:11.293 INFO [main] org.apache.catalina.startup.VersionLoggerListener.log JVM Version:           1.8.0_181-b13
18-Sep-2018 10:56:11.293 INFO [main] org.apache.catalina.startup.VersionLoggerListener.log JVM Vendor:            Oracle Corporation
18-Sep-2018 10:56:11.293 INFO [main] org.apache.catalina.startup.VersionLoggerListener.log CATALINA_BASE:         /opt/tomcat
18-Sep-2018 10:56:11.294 INFO [main] org.apache.catalina.startup.VersionLoggerListener.log CATALINA_HOME:         /opt/tomcat
18-Sep-2018 10:56:11.294 INFO [main] org.apache.catalina.startup.VersionLoggerListener.log Command line argument: -Djava.util.logging.config.file=/opt/tomcat/conf/logging.properties
18-Sep-2018 10:56:11.294 INFO [main] org.apache.catalina.startup.VersionLoggerListener.log Command line argument: -Djava.util.logging.manager=org.apache.juli.ClassLoaderLogManager
18-Sep-2018 10:56:11.294 INFO [main] org.apache.catalina.startup.VersionLoggerListener.log Command line argument: -Djdk.tls.ephemeralDHKeySize=2048
18-Sep-2018 10:56:11.294 INFO [main] org.apache.catalina.startup.VersionLoggerListener.log Command line argument: -Djava.protocol.handler.pkgs=org.apache.catalina.webresources
18-Sep-2018 10:56:11.294 INFO [main] org.apache.catalina.startup.VersionLoggerListener.log Command line argument: -Dorg.apache.catalina.security.SecurityListener.UMASK=0027
18-Sep-2018 10:56:11.295 INFO [main] org.apache.catalina.startup.VersionLoggerListener.log Command line argument: -Dignore.endorsed.dirs=
18-Sep-2018 10:56:11.295 INFO [main] org.apache.catalina.startup.VersionLoggerListener.log Command line argument: -Dcatalina.base=/opt/tomcat
18-Sep-2018 10:56:11.295 INFO [main] org.apache.catalina.startup.VersionLoggerListener.log Command line argument: -Dcatalina.home=/opt/tomcat
18-Sep-2018 10:56:11.295 INFO [main] org.apache.catalina.startup.VersionLoggerListener.log Command line argument: -Djava.io.tmpdir=/opt/tomcat/temp
18-Sep-2018 10:56:11.295 INFO [main] org.apache.catalina.core.AprLifecycleListener.lifecycleEvent The APR based Apache Tomcat Native library which allows optimal performance in production environments was not found on the java.library.path: [/usr/java/packages/lib/amd64:/usr/lib64:/lib64:/lib:/usr/lib]
18-Sep-2018 10:56:11.430 INFO [main] org.apache.coyote.AbstractProtocol.init Initializing ProtocolHandler ["http-nio-8080"]
18-Sep-2018 10:56:11.446 INFO [main] org.apache.tomcat.util.net.NioSelectorPool.getSharedSelector Using a shared selector for servlet write/read
18-Sep-2018 10:56:11.455 INFO [main] org.apache.coyote.AbstractProtocol.init Initializing ProtocolHandler ["ajp-nio-8009"]
18-Sep-2018 10:56:11.457 INFO [main] org.apache.tomcat.util.net.NioSelectorPool.getSharedSelector Using a shared selector for servlet write/read
18-Sep-2018 10:56:11.458 INFO [main] org.apache.catalina.startup.Catalina.load Initialization processed in 764 ms
18-Sep-2018 10:56:11.500 INFO [main] org.apache.catalina.core.StandardService.startInternal Starting service [Catalina]
18-Sep-2018 10:56:11.500 INFO [main] org.apache.catalina.core.StandardEngine.startInternal Starting Servlet Engine: Apache Tomcat/8.5.34
18-Sep-2018 10:56:11.540 INFO [localhost-startStop-1] org.apache.catalina.startup.HostConfig.deployWAR Deploying web application archive [/opt/tomcat/webapps/tod.war]
18-Sep-2018 10:56:14.527 INFO [localhost-startStop-1] org.apache.jasper.servlet.TldScanner.scanJars At least one JAR was scanned for TLDs yet contained no TLDs. Enable debug logging for this logger for a complete list of JARs that were scanned but no TLDs were found in them. Skipping unneeded JARs during scanning can improve startup time and JSP compilation time.
18-Sep-2018 10:56:14.737 SEVERE [localhost-startStop-1] org.apache.catalina.core.StandardContext.startInternal One or more listeners failed to start. Full details will be found in the appropriate container log file
18-Sep-2018 10:56:14.749 SEVERE [localhost-startStop-1] org.apache.catalina.core.StandardContext.startInternal Context [/tod] startup failed due to previous errors
18-Sep-2018 10:56:14.774 INFO [localhost-startStop-1] org.apache.catalina.startup.HostConfig.deployWAR Deployment of web application archive [/opt/tomcat/webapps/tod.war] has finished in [3,233] ms
18-Sep-2018 10:56:14.776 INFO [localhost-startStop-1] org.apache.catalina.startup.HostConfig.deployDirectory Deploying web application directory [/opt/tomcat/webapps/ROOT]
18-Sep-2018 10:56:14.817 INFO [localhost-startStop-1] org.apache.catalina.startup.HostConfig.deployDirectory Deployment of web application directory [/opt/tomcat/webapps/ROOT] has finished in [40] ms
18-Sep-2018 10:56:14.817 INFO [localhost-startStop-1] org.apache.catalina.startup.HostConfig.deployDirectory Deploying web application directory [/opt/tomcat/webapps/manager]
18-Sep-2018 10:56:14.863 INFO [localhost-startStop-1] org.apache.catalina.startup.HostConfig.deployDirectory Deployment of web application directory [/opt/tomcat/webapps/manager] has finished in [45] ms
18-Sep-2018 10:56:14.863 INFO [localhost-startStop-1] org.apache.catalina.startup.HostConfig.deployDirectory Deploying web application directory [/opt/tomcat/webapps/host-manager]
18-Sep-2018 10:56:14.889 INFO [localhost-startStop-1] org.apache.catalina.startup.HostConfig.deployDirectory Deployment of web application directory [/opt/tomcat/webapps/host-manager] has finished in [26] ms
18-Sep-2018 10:56:14.889 INFO [localhost-startStop-1] org.apache.catalina.startup.HostConfig.deployDirectory Deploying web application directory [/opt/tomcat/webapps/examples]
18-Sep-2018 10:56:15.143 INFO [localhost-startStop-1] org.apache.catalina.startup.HostConfig.deployDirectory Deployment of web application directory [/opt/tomcat/webapps/examples] has finished in [253] ms
18-Sep-2018 10:56:15.143 INFO [localhost-startStop-1] org.apache.catalina.startup.HostConfig.deployDirectory Deploying web application directory [/opt/tomcat/webapps/docs]
18-Sep-2018 10:56:15.162 INFO [localhost-startStop-1] org.apache.catalina.startup.HostConfig.deployDirectory Deployment of web application directory [/opt/tomcat/webapps/docs] has finished in [19] ms
18-Sep-2018 10:56:15.173 INFO [main] org.apache.coyote.AbstractProtocol.start Starting ProtocolHandler ["http-nio-8080"]
18-Sep-2018 10:56:15.184 INFO [main] org.apache.coyote.AbstractProtocol.start Starting ProtocolHandler ["ajp-nio-8009"]
18-Sep-2018 10:56:15.189 INFO [main] org.apache.catalina.startup.Catalina.start Server startup in 3730 ms
18-Sep-2018 11:09:14.321 INFO [main] org.apache.catalina.core.StandardServer.await A valid shutdown command was received via the shutdown port. Stopping the Server instance.
18-Sep-2018 11:09:14.323 INFO [main] org.apache.coyote.AbstractProtocol.pause Pausing ProtocolHandler ["http-nio-8080"]
18-Sep-2018 11:09:14.379 INFO [main] org.apache.coyote.AbstractProtocol.pause Pausing ProtocolHandler ["ajp-nio-8009"]
18-Sep-2018 11:09:14.431 INFO [main] org.apache.catalina.core.StandardService.stopInternal Stopping service [Catalina]
18-Sep-2018 11:09:14.538 INFO [main] org.apache.coyote.AbstractProtocol.stop Stopping ProtocolHandler ["http-nio-8080"]
18-Sep-2018 11:09:14.543 INFO [main] org.apache.coyote.AbstractProtocol.stop Stopping ProtocolHandler ["ajp-nio-8009"]
18-Sep-2018 11:09:14.547 INFO [main] org.apache.coyote.AbstractProtocol.destroy Destroying ProtocolHandler ["http-nio-8080"]
18-Sep-2018 11:09:14.548 INFO [main] org.apache.coyote.AbstractProtocol.destroy Destroying ProtocolHandler ["ajp-nio-8009"]
18-Sep-2018 11:09:17.234 INFO [main] org.apache.catalina.startup.VersionLoggerListener.log Server version:        Apache Tomcat/8.5.34
18-Sep-2018 11:09:17.238 INFO [main] org.apache.catalina.startup.VersionLoggerListener.log Server built:          Sep 4 2018 22:28:22 UTC
18-Sep-2018 11:09:17.238 INFO [main] org.apache.catalina.startup.VersionLoggerListener.log Server number:         8.5.34.0
18-Sep-2018 11:09:17.238 INFO [main] org.apache.catalina.startup.VersionLoggerListener.log OS Name:               Linux
18-Sep-2018 11:09:17.238 INFO [main] org.apache.catalina.startup.VersionLoggerListener.log OS Version:            3.10.0-862.11.6.el7.x86_64
18-Sep-2018 11:09:17.238 INFO [main] org.apache.catalina.startup.VersionLoggerListener.log Architecture:          amd64
18-Sep-2018 11:09:17.239 INFO [main] org.apache.catalina.startup.VersionLoggerListener.log Java Home:             /usr/lib/jvm/java-1.8.0-openjdk-1.8.0.181-3.b13.el7_5.x86_64/jre
18-Sep-2018 11:09:17.239 INFO [main] org.apache.catalina.startup.VersionLoggerListener.log JVM Version:           1.8.0_181-b13
18-Sep-2018 11:09:17.239 INFO [main] org.apache.catalina.startup.VersionLoggerListener.log JVM Vendor:            Oracle Corporation
18-Sep-2018 11:09:17.239 INFO [main] org.apache.catalina.startup.VersionLoggerListener.log CATALINA_BASE:         /opt/tomcat
18-Sep-2018 11:09:17.239 INFO [main] org.apache.catalina.startup.VersionLoggerListener.log CATALINA_HOME:         /opt/tomcat
18-Sep-2018 11:09:17.240 INFO [main] org.apache.catalina.startup.VersionLoggerListener.log Command line argument: -Djava.util.logging.config.file=/opt/tomcat/conf/logging.properties
18-Sep-2018 11:09:17.240 INFO [main] org.apache.catalina.startup.VersionLoggerListener.log Command line argument: -Djava.util.logging.manager=org.apache.juli.ClassLoaderLogManager
18-Sep-2018 11:09:17.240 INFO [main] org.apache.catalina.startup.VersionLoggerListener.log Command line argument: -Djdk.tls.ephemeralDHKeySize=2048
18-Sep-2018 11:09:17.240 INFO [main] org.apache.catalina.startup.VersionLoggerListener.log Command line argument: -Djava.protocol.handler.pkgs=org.apache.catalina.webresources
18-Sep-2018 11:09:17.240 INFO [main] org.apache.catalina.startup.VersionLoggerListener.log Command line argument: -Dorg.apache.catalina.security.SecurityListener.UMASK=0027
18-Sep-2018 11:09:17.240 INFO [main] org.apache.catalina.startup.VersionLoggerListener.log Command line argument: -Dignore.endorsed.dirs=
18-Sep-2018 11:09:17.240 INFO [main] org.apache.catalina.startup.VersionLoggerListener.log Command line argument: -Dcatalina.base=/opt/tomcat
18-Sep-2018 11:09:17.241 INFO [main] org.apache.catalina.startup.VersionLoggerListener.log Command line argument: -Dcatalina.home=/opt/tomcat
18-Sep-2018 11:09:17.241 INFO [main] org.apache.catalina.startup.VersionLoggerListener.log Command line argument: -Djava.io.tmpdir=/opt/tomcat/temp
18-Sep-2018 11:09:17.241 INFO [main] org.apache.catalina.core.AprLifecycleListener.lifecycleEvent The APR based Apache Tomcat Native library which allows optimal performance in production environments was not found on the java.library.path: [/usr/java/packages/lib/amd64:/usr/lib64:/lib64:/lib:/usr/lib]
18-Sep-2018 11:09:17.387 INFO [main] org.apache.coyote.AbstractProtocol.init Initializing ProtocolHandler ["http-nio-8080"]
18-Sep-2018 11:09:17.406 INFO [main] org.apache.tomcat.util.net.NioSelectorPool.getSharedSelector Using a shared selector for servlet write/read
18-Sep-2018 11:09:17.427 INFO [main] org.apache.coyote.AbstractProtocol.init Initializing ProtocolHandler ["ajp-nio-8009"]
18-Sep-2018 11:09:17.429 INFO [main] org.apache.tomcat.util.net.NioSelectorPool.getSharedSelector Using a shared selector for servlet write/read
18-Sep-2018 11:09:17.431 INFO [main] org.apache.catalina.startup.Catalina.load Initialization processed in 763 ms
18-Sep-2018 11:09:17.485 INFO [main] org.apache.catalina.core.StandardService.startInternal Starting service [Catalina]
18-Sep-2018 11:09:17.485 INFO [main] org.apache.catalina.core.StandardEngine.startInternal Starting Servlet Engine: Apache Tomcat/8.5.34
18-Sep-2018 11:09:17.524 INFO [localhost-startStop-1] org.apache.catalina.startup.HostConfig.deployWAR Deploying web application archive [/opt/tomcat/webapps/tod.war]
18-Sep-2018 11:09:20.135 FINE [localhost-startStop-1] org.apache.jasper.servlet.TldScanner.scanResourcePaths No TLD files were found in resource path [/WEB-INF/views/jsp/layouts/logged_template/].
18-Sep-2018 11:09:20.136 FINE [localhost-startStop-1] org.apache.jasper.servlet.TldScanner.scanResourcePaths No TLD files were found in resource path [/WEB-INF/views/jsp/layouts/not_logged_template/].
18-Sep-2018 11:09:20.136 FINE [localhost-startStop-1] org.apache.jasper.servlet.TldScanner.scanResourcePaths No TLD files were found in resource path [/WEB-INF/views/jsp/layouts/].
18-Sep-2018 11:09:20.136 FINE [localhost-startStop-1] org.apache.jasper.servlet.TldScanner.scanResourcePaths No TLD files were found in resource path [/WEB-INF/views/jsp/].
18-Sep-2018 11:09:20.136 FINE [localhost-startStop-1] org.apache.jasper.servlet.TldScanner.scanResourcePaths No TLD files were found in resource path [/WEB-INF/views/].
18-Sep-2018 11:09:20.137 FINE [localhost-startStop-1] org.apache.jasper.servlet.TldScanner.scanResourcePaths No TLD files were found in resource path [/WEB-INF/].
18-Sep-2018 11:09:20.140 FINE [localhost-startStop-1] org.apache.jasper.servlet.TldScanner$TldScannerCallback.scan No TLD files were found in [file:/opt/tomcat/webapps/tod/WEB-INF/lib/spring-data-mongodb-1.8.4.RELEASE.jar]. Consider adding the JAR to the tomcat.util.scan.StandardJarScanFilter.jarsToSkip property in CATALINA_BASE/conf/catalina.properties file.
18-Sep-2018 11:09:20.141 FINE [localhost-startStop-1] org.apache.jasper.servlet.TldScanner$TldScannerCallback.scan No TLD files were found in [file:/opt/tomcat/webapps/tod/WEB-INF/lib/tiles-servlet-3.0.5.jar]. Consider adding the JAR to the tomcat.util.scan.StandardJarScanFilter.jarsToSkip property in CATALINA_BASE/conf/catalina.properties file.
18-Sep-2018 11:09:20.142 FINE [localhost-startStop-1] org.apache.jasper.servlet.TldScanner$TldScannerCallback.scan No TLD files were found in [file:/opt/tomcat/webapps/tod/WEB-INF/lib/spring-boot-autoconfigure-1.3.3.RELEASE.jar]. Consider adding the JAR to the tomcat.util.scan.StandardJarScanFilter.jarsToSkip property in CATALINA_BASE/conf/catalina.properties file.
18-Sep-2018 11:09:20.143 FINE [localhost-startStop-1] org.apache.jasper.servlet.TldScanner$TldScannerCallback.scan No TLD files were found in [file:/opt/tomcat/webapps/tod/WEB-INF/lib/tiles-autotag-core-runtime-1.1.0.jar]. Consider adding the JAR to the tomcat.util.scan.StandardJarScanFilter.jarsToSkip property in CATALINA_BASE/conf/catalina.properties file.
18-Sep-2018 11:09:20.143 FINE [localhost-startStop-1] org.apache.jasper.servlet.TldScanner$TldScannerCallback.scan No TLD files were found in [file:/opt/tomcat/webapps/tod/WEB-INF/lib/jcl-over-slf4j-1.7.16.jar]. Consider adding the JAR to the tomcat.util.scan.StandardJarScanFilter.jarsToSkip property in CATALINA_BASE/conf/catalina.properties file.
18-Sep-2018 11:09:20.144 FINE [localhost-startStop-1] org.apache.jasper.servlet.TldScanner$TldScannerCallback.scan No TLD files were found in [file:/opt/tomcat/webapps/tod/WEB-INF/lib/jackson-databind-2.6.5.jar]. Consider adding the JAR to the tomcat.util.scan.StandardJarScanFilter.jarsToSkip property in CATALINA_BASE/conf/catalina.properties file.
18-Sep-2018 11:09:20.145 FINE [localhost-startStop-1] org.apache.jasper.servlet.TldScanner$TldScannerCallback.scan No TLD files were found in [file:/opt/tomcat/webapps/tod/WEB-INF/lib/spring-context-support-4.2.5.RELEASE.jar]. Consider adding the JAR to the tomcat.util.scan.StandardJarScanFilter.jarsToSkip property in CATALINA_BASE/conf/catalina.properties file.
18-Sep-2018 11:09:20.145 FINE [localhost-startStop-1] org.apache.jasper.servlet.TldScanner$TldScannerCallback.scan No TLD files were found in [file:/opt/tomcat/webapps/tod/WEB-INF/lib/jackson-annotations-2.6.5.jar]. Consider adding the JAR to the tomcat.util.scan.StandardJarScanFilter.jarsToSkip property in CATALINA_BASE/conf/catalina.properties file.
18-Sep-2018 11:09:20.145 FINE [localhost-startStop-1] org.apache.jasper.servlet.TldScanner$TldScannerCallback.scan No TLD files were found in [file:/opt/tomcat/webapps/tod/WEB-INF/lib/aopalliance-1.0.jar]. Consider adding the JAR to the tomcat.util.scan.StandardJarScanFilter.jarsToSkip property in CATALINA_BASE/conf/catalina.properties file.
18-Sep-2018 11:09:20.146 FINE [localhost-startStop-1] org.apache.jasper.servlet.TldScanner$TldScannerCallback.scan No TLD files were found in [file:/opt/tomcat/webapps/tod/WEB-INF/lib/spring-aop-4.2.5.RELEASE.jar]. Consider adding the JAR to the tomcat.util.scan.StandardJarScanFilter.jarsToSkip property in CATALINA_BASE/conf/catalina.properties file.
18-Sep-2018 11:09:20.146 FINE [localhost-startStop-1] org.apache.jasper.servlet.TldScanner$TldScannerCallback.scan No TLD files were found in [file:/opt/tomcat/webapps/tod/WEB-INF/lib/tomcat-embed-logging-juli-8.0.32.jar]. Consider adding the JAR to the tomcat.util.scan.StandardJarScanFilter.jarsToSkip property in CATALINA_BASE/conf/catalina.properties file.
18-Sep-2018 11:09:20.148 FINE [localhost-startStop-1] org.apache.jasper.servlet.TldScanner$TldScannerCallback.scan No TLD files were found in [file:/opt/tomcat/webapps/tod/WEB-INF/lib/spring-core-4.2.5.RELEASE.jar]. Consider adding the JAR to the tomcat.util.scan.StandardJarScanFilter.jarsToSkip property in CATALINA_BASE/conf/catalina.properties file.
18-Sep-2018 11:09:20.150 FINE [localhost-startStop-1] org.apache.jasper.servlet.TldScanner$TldScannerCallback.scan No TLD files were found in [file:/opt/tomcat/webapps/tod/WEB-INF/lib/guava-19.0.jar]. Consider adding the JAR to the tomcat.util.scan.StandardJarScanFilter.jarsToSkip property in CATALINA_BASE/conf/catalina.properties file.
18-Sep-2018 11:09:20.150 FINE [localhost-startStop-1] org.apache.jasper.servlet.TldScanner$TldScannerCallback.scan No TLD files were found in [file:/opt/tomcat/webapps/tod/WEB-INF/lib/spring-boot-starter-tomcat-1.3.3.RELEASE.jar]. Consider adding the JAR to the tomcat.util.scan.StandardJarScanFilter.jarsToSkip property in CATALINA_BASE/conf/catalina.properties file.
18-Sep-2018 11:09:20.186 FINE [localhost-startStop-1] org.apache.jasper.servlet.TldScanner$TldScannerCallback.scan TLD files were found in JAR [file:/opt/tomcat/webapps/tod/WEB-INF/lib/displaytag-1.2.jar].
18-Sep-2018 11:09:20.187 FINE [localhost-startStop-1] org.apache.jasper.servlet.TldScanner$TldScannerCallback.scan No TLD files were found in [file:/opt/tomcat/webapps/tod/WEB-INF/lib/tiles-core-3.0.5.jar]. Consider adding the JAR to the tomcat.util.scan.StandardJarScanFilter.jarsToSkip property in CATALINA_BASE/conf/catalina.properties file.
18-Sep-2018 11:09:20.187 FINE [localhost-startStop-1] org.apache.jasper.servlet.TldScanner$TldScannerCallback.scan No TLD files were found in [file:/opt/tomcat/webapps/tod/WEB-INF/lib/not-yet-commons-ssl-0.3.9.jar]. Consider adding the JAR to the tomcat.util.scan.StandardJarScanFilter.jarsToSkip property in CATALINA_BASE/conf/catalina.properties file.
18-Sep-2018 11:09:20.188 FINE [localhost-startStop-1] org.apache.jasper.servlet.TldScanner$TldScannerCallback.scan No TLD files were found in [file:/opt/tomcat/webapps/tod/WEB-INF/lib/spring-boot-starter-validation-1.3.3.RELEASE.jar]. Consider adding the JAR to the tomcat.util.scan.StandardJarScanFilter.jarsToSkip property in CATALINA_BASE/conf/catalina.properties file.
18-Sep-2018 11:09:20.188 FINE [localhost-startStop-1] org.apache.jasper.servlet.TldScanner$TldScannerCallback.scan No TLD files were found in [file:/opt/tomcat/webapps/tod/WEB-INF/lib/spring-boot-starter-data-mongodb-2.0.3.RELEASE.jar]. Consider adding the JAR to the tomcat.util.scan.StandardJarScanFilter.jarsToSkip property in CATALINA_BASE/conf/catalina.properties file.
18-Sep-2018 11:09:20.188 FINE [localhost-startStop-1] org.apache.jasper.servlet.TldScanner$TldScannerCallback.scan No TLD files were found in [file:/opt/tomcat/webapps/tod/WEB-INF/lib/tiles-template-3.0.5.jar]. Consider adding the JAR to the tomcat.util.scan.StandardJarScanFilter.jarsToSkip property in CATALINA_BASE/conf/catalina.properties file.
18-Sep-2018 11:09:20.189 FINE [localhost-startStop-1] org.apache.jasper.servlet.TldScanner$TldScannerCallback.scan No TLD files were found in [file:/opt/tomcat/webapps/tod/WEB-INF/lib/logback-core-1.1.5.jar]. Consider adding the JAR to the tomcat.util.scan.StandardJarScanFilter.jarsToSkip property in CATALINA_BASE/conf/catalina.properties file.
18-Sep-2018 11:09:20.190 FINE [localhost-startStop-1] org.apache.jasper.servlet.TldScanner$TldScannerCallback.scan No TLD files were found in [file:/opt/tomcat/webapps/tod/WEB-INF/lib/spring-beans-4.2.5.RELEASE.jar]. Consider adding the JAR to the tomcat.util.scan.StandardJarScanFilter.jarsToSkip property in CATALINA_BASE/conf/catalina.properties file.
18-Sep-2018 11:09:20.190 FINE [localhost-startStop-1] org.apache.jasper.servlet.TldScanner$TldScannerCallback.scan No TLD files were found in [file:/opt/tomcat/webapps/tod/WEB-INF/lib/snakeyaml-1.16.jar]. Consider adding the JAR to the tomcat.util.scan.StandardJarScanFilter.jarsToSkip property in CATALINA_BASE/conf/catalina.properties file.
18-Sep-2018 11:09:20.191 FINE [localhost-startStop-1] org.apache.jasper.servlet.TldScanner$TldScannerCallback.scan No TLD files were found in [file:/opt/tomcat/webapps/tod/WEB-INF/lib/validation-api-1.1.0.Final.jar]. Consider adding the JAR to the tomcat.util.scan.StandardJarScanFilter.jarsToSkip property in CATALINA_BASE/conf/catalina.properties file.
18-Sep-2018 11:09:20.191 FINE [localhost-startStop-1] org.apache.jasper.servlet.TldScanner$TldScannerCallback.scan No TLD files were found in [file:/opt/tomcat/webapps/tod/WEB-INF/lib/tiles-request-servlet-1.0.6.jar]. Consider adding the JAR to the tomcat.util.scan.StandardJarScanFilter.jarsToSkip property in CATALINA_BASE/conf/catalina.properties file.
18-Sep-2018 11:09:20.192 FINE [localhost-startStop-1] org.apache.jasper.servlet.TldScanner$TldScannerCallback.scan No TLD files were found in [file:/opt/tomcat/webapps/tod/WEB-INF/lib/activation-1.1.jar]. Consider adding the JAR to the tomcat.util.scan.StandardJarScanFilter.jarsToSkip property in CATALINA_BASE/conf/catalina.properties file.
18-Sep-2018 11:09:20.259 FINE [localhost-startStop-1] org.apache.jasper.servlet.TldScanner$TldScannerCallback.scan TLD files were found in JAR [file:/opt/tomcat/webapps/tod/WEB-INF/lib/jstl-1.2.jar].
18-Sep-2018 11:09:20.260 FINE [localhost-startStop-1] org.apache.jasper.servlet.TldScanner$TldScannerCallback.scan No TLD files were found in [file:/opt/tomcat/webapps/tod/WEB-INF/lib/gson-2.8.2.jar]. Consider adding the JAR to the tomcat.util.scan.StandardJarScanFilter.jarsToSkip property in CATALINA_BASE/conf/catalina.properties file.
18-Sep-2018 11:09:20.261 FINE [localhost-startStop-1] org.apache.jasper.servlet.TldScanner$TldScannerCallback.scan No TLD files were found in [file:/opt/tomcat/webapps/tod/WEB-INF/lib/spring-data-commons-1.11.4.RELEASE.jar]. Consider adding the JAR to the tomcat.util.scan.StandardJarScanFilter.jarsToSkip property in CATALINA_BASE/conf/catalina.properties file.
18-Sep-2018 11:09:20.263 FINE [localhost-startStop-1] org.apache.jasper.servlet.TldScanner$TldScannerCallback.scan No TLD files were found in [file:/opt/tomcat/webapps/tod/WEB-INF/lib/javax.servlet-api-3.1.0.jar]. Consider adding the JAR to the tomcat.util.scan.StandardJarScanFilter.jarsToSkip property in CATALINA_BASE/conf/catalina.properties file.
18-Sep-2018 11:09:20.264 FINE [localhost-startStop-1] org.apache.jasper.servlet.TldScanner$TldScannerCallback.scan No TLD files were found in [file:/opt/tomcat/webapps/tod/WEB-INF/lib/jackson-core-2.6.5.jar]. Consider adding the JAR to the tomcat.util.scan.StandardJarScanFilter.jarsToSkip property in CATALINA_BASE/conf/catalina.properties file.
18-Sep-2018 11:09:20.265 FINE [localhost-startStop-1] org.apache.jasper.servlet.TldScanner$TldScannerCallback.scan No TLD files were found in [file:/opt/tomcat/webapps/tod/WEB-INF/lib/itext-1.3.jar]. Consider adding the JAR to the tomcat.util.scan.StandardJarScanFilter.jarsToSkip property in CATALINA_BASE/conf/catalina.properties file.
18-Sep-2018 11:09:20.266 FINE [localhost-startStop-1] org.apache.jasper.servlet.TldScanner$TldScannerCallback.scan No TLD files were found in [file:/opt/tomcat/webapps/tod/WEB-INF/lib/spring-tx-4.2.5.RELEASE.jar]. Consider adding the JAR to the tomcat.util.scan.StandardJarScanFilter.jarsToSkip property in CATALINA_BASE/conf/catalina.properties file.
18-Sep-2018 11:09:20.273 FINE [localhost-startStop-1] org.apache.jasper.servlet.TldScanner$TldScannerCallback.scan TLD files were found in JAR [file:/opt/tomcat/webapps/tod/WEB-INF/lib/tiles-jsp-3.0.5.jar].
18-Sep-2018 11:09:20.273 FINE [localhost-startStop-1] org.apache.jasper.servlet.TldScanner$TldScannerCallback.scan No TLD files were found in [file:/opt/tomcat/webapps/tod/WEB-INF/lib/tiles-request-jsp-1.0.6.jar]. Consider adding the JAR to the tomcat.util.scan.StandardJarScanFilter.jarsToSkip property in CATALINA_BASE/conf/catalina.properties file.
18-Sep-2018 11:09:20.274 FINE [localhost-startStop-1] org.apache.jasper.servlet.TldScanner$TldScannerCallback.scan No TLD files were found in [file:/opt/tomcat/webapps/tod/WEB-INF/lib/javax.mail-1.5.5.jar]. Consider adding the JAR to the tomcat.util.scan.StandardJarScanFilter.jarsToSkip property in CATALINA_BASE/conf/catalina.properties file.
18-Sep-2018 11:09:20.274 FINE [localhost-startStop-1] org.apache.jasper.servlet.TldScanner$TldScannerCallback.scan No TLD files were found in [file:/opt/tomcat/webapps/tod/WEB-INF/lib/jcl104-over-slf4j-1.4.2.jar]. Consider adding the JAR to the tomcat.util.scan.StandardJarScanFilter.jarsToSkip property in CATALINA_BASE/conf/catalina.properties file.
18-Sep-2018 11:09:20.302 FINE [localhost-startStop-1] org.apache.jasper.servlet.TldScanner$TldScannerCallback.scan TLD files were found in JAR [file:/opt/tomcat/webapps/tod/WEB-INF/lib/spring-webmvc-4.2.5.RELEASE.jar].
18-Sep-2018 11:09:20.302 FINE [localhost-startStop-1] org.apache.jasper.servlet.TldScanner$TldScannerCallback.scan No TLD files were found in [file:/opt/tomcat/webapps/tod/WEB-INF/lib/spring-boot-starter-logging-1.3.3.RELEASE.jar]. Consider adding the JAR to the tomcat.util.scan.StandardJarScanFilter.jarsToSkip property in CATALINA_BASE/conf/catalina.properties file.
18-Sep-2018 11:09:20.303 FINE [localhost-startStop-1] org.apache.jasper.servlet.TldScanner$TldScannerCallback.scan No TLD files were found in [file:/opt/tomcat/webapps/tod/WEB-INF/lib/tomcat-embed-websocket-8.0.32.jar]. Consider adding the JAR to the tomcat.util.scan.StandardJarScanFilter.jarsToSkip property in CATALINA_BASE/conf/catalina.properties file.
18-Sep-2018 11:09:20.304 FINE [localhost-startStop-1] org.apache.jasper.servlet.TldScanner$TldScannerCallback.scan No TLD files were found in [file:/opt/tomcat/webapps/tod/WEB-INF/lib/bson-3.6.4.jar]. Consider adding the JAR to the tomcat.util.scan.StandardJarScanFilter.jarsToSkip property in CATALINA_BASE/conf/catalina.properties file.
18-Sep-2018 11:09:20.304 FINE [localhost-startStop-1] org.apache.jasper.servlet.TldScanner$TldScannerCallback.scan No TLD files were found in [file:/opt/tomcat/webapps/tod/WEB-INF/lib/spring-expression-4.2.5.RELEASE.jar]. Consider adding the JAR to the tomcat.util.scan.StandardJarScanFilter.jarsToSkip property in CATALINA_BASE/conf/catalina.properties file.
18-Sep-2018 11:09:20.304 FINE [localhost-startStop-1] org.apache.jasper.servlet.TldScanner$TldScannerCallback.scan No TLD files were found in [file:/opt/tomcat/webapps/tod/WEB-INF/lib/jul-to-slf4j-1.7.16.jar]. Consider adding the JAR to the tomcat.util.scan.StandardJarScanFilter.jarsToSkip property in CATALINA_BASE/conf/catalina.properties file.
18-Sep-2018 11:09:20.305 FINE [localhost-startStop-1] org.apache.jasper.servlet.TldScanner$TldScannerCallback.scan No TLD files were found in [file:/opt/tomcat/webapps/tod/WEB-INF/lib/spring-boot-starter-web-1.3.3.RELEASE.jar]. Consider adding the JAR to the tomcat.util.scan.StandardJarScanFilter.jarsToSkip property in CATALINA_BASE/conf/catalina.properties file.
18-Sep-2018 11:09:20.306 FINE [localhost-startStop-1] org.apache.jasper.servlet.TldScanner$TldScannerCallback.scan No TLD files were found in [file:/opt/tomcat/webapps/tod/WEB-INF/lib/spring-web-4.2.5.RELEASE.jar]. Consider adding the JAR to the tomcat.util.scan.StandardJarScanFilter.jarsToSkip property in CATALINA_BASE/conf/catalina.properties file.
18-Sep-2018 11:09:20.307 FINE [localhost-startStop-1] org.apache.jasper.servlet.TldScanner$TldScannerCallback.scan No TLD files were found in [file:/opt/tomcat/webapps/tod/WEB-INF/lib/tomcat-embed-core-8.0.32.jar]. Consider adding the JAR to the tomcat.util.scan.StandardJarScanFilter.jarsToSkip property in CATALINA_BASE/conf/catalina.properties file.
18-Sep-2018 11:09:20.311 FINE [localhost-startStop-1] org.apache.jasper.servlet.TldScanner$TldScannerCallback.scan No TLD files were found in [file:/opt/tomcat/webapps/tod/WEB-INF/lib/spring-boot-starter-mail-2.0.4.RELEASE.jar]. Consider adding the JAR to the tomcat.util.scan.StandardJarScanFilter.jarsToSkip property in CATALINA_BASE/conf/catalina.properties file.
18-Sep-2018 11:09:20.312 FINE [localhost-startStop-1] org.apache.jasper.servlet.TldScanner$TldScannerCallback.scan No TLD files were found in [file:/opt/tomcat/webapps/tod/WEB-INF/lib/spring-boot-starter-1.3.3.RELEASE.jar]. Consider adding the JAR to the tomcat.util.scan.StandardJarScanFilter.jarsToSkip property in CATALINA_BASE/conf/catalina.properties file.
18-Sep-2018 11:09:20.312 FINE [localhost-startStop-1] org.apache.jasper.servlet.TldScanner$TldScannerCallback.scan No TLD files were found in [file:/opt/tomcat/webapps/tod/WEB-INF/lib/tiles-api-3.0.5.jar]. Consider adding the JAR to the tomcat.util.scan.StandardJarScanFilter.jarsToSkip property in CATALINA_BASE/conf/catalina.properties file.
18-Sep-2018 11:09:20.312 FINE [localhost-startStop-1] org.apache.jasper.servlet.TldScanner$TldScannerCallback.scan No TLD files were found in [file:/opt/tomcat/webapps/tod/WEB-INF/lib/jboss-logging-3.3.0.Final.jar]. Consider adding the JAR to the tomcat.util.scan.StandardJarScanFilter.jarsToSkip property in CATALINA_BASE/conf/catalina.properties file.
18-Sep-2018 11:09:20.313 FINE [localhost-startStop-1] org.apache.jasper.servlet.TldScanner$TldScannerCallback.scan No TLD files were found in [file:/opt/tomcat/webapps/tod/WEB-INF/lib/tiles-request-api-1.0.6.jar]. Consider adding the JAR to the tomcat.util.scan.StandardJarScanFilter.jarsToSkip property in CATALINA_BASE/conf/catalina.properties file.
18-Sep-2018 11:09:20.314 FINE [localhost-startStop-1] org.apache.jasper.servlet.TldScanner$TldScannerCallback.scan No TLD files were found in [file:/opt/tomcat/webapps/tod/WEB-INF/lib/spring-context-4.2.5.RELEASE.jar]. Consider adding the JAR to the tomcat.util.scan.StandardJarScanFilter.jarsToSkip property in CATALINA_BASE/conf/catalina.properties file.
18-Sep-2018 11:09:20.315 FINE [localhost-startStop-1] org.apache.jasper.servlet.TldScanner$TldScannerCallback.scan No TLD files were found in [file:/opt/tomcat/webapps/tod/WEB-INF/lib/logback-classic-1.1.5.jar]. Consider adding the JAR to the tomcat.util.scan.StandardJarScanFilter.jarsToSkip property in CATALINA_BASE/conf/catalina.properties file.
18-Sep-2018 11:09:20.316 FINE [localhost-startStop-1] org.apache.jasper.servlet.TldScanner$TldScannerCallback.scan No TLD files were found in [file:/opt/tomcat/webapps/tod/WEB-INF/lib/spring-boot-1.3.3.RELEASE.jar]. Consider adding the JAR to the tomcat.util.scan.StandardJarScanFilter.jarsToSkip property in CATALINA_BASE/conf/catalina.properties file.
18-Sep-2018 11:09:20.316 FINE [localhost-startStop-1] org.apache.jasper.servlet.TldScanner$TldScannerCallback.scan No TLD files were found in [file:/opt/tomcat/webapps/tod/WEB-INF/lib/mongodb-driver-3.6.4.jar]. Consider adding the JAR to the tomcat.util.scan.StandardJarScanFilter.jarsToSkip property in CATALINA_BASE/conf/catalina.properties file.
18-Sep-2018 11:09:20.317 FINE [localhost-startStop-1] org.apache.jasper.servlet.TldScanner$TldScannerCallback.scan No TLD files were found in [file:/opt/tomcat/webapps/tod/WEB-INF/lib/mongodb-driver-core-3.6.4.jar]. Consider adding the JAR to the tomcat.util.scan.StandardJarScanFilter.jarsToSkip property in CATALINA_BASE/conf/catalina.properties file.
18-Sep-2018 11:09:20.318 FINE [localhost-startStop-1] org.apache.jasper.servlet.TldScanner$TldScannerCallback.scan No TLD files were found in [file:/opt/tomcat/webapps/tod/WEB-INF/lib/tomcat-embed-el-8.0.32.jar]. Consider adding the JAR to the tomcat.util.scan.StandardJarScanFilter.jarsToSkip property in CATALINA_BASE/conf/catalina.properties file.
18-Sep-2018 11:09:20.318 FINE [localhost-startStop-1] org.apache.jasper.servlet.TldScanner$TldScannerCallback.scan No TLD files were found in [file:/opt/tomcat/webapps/tod/WEB-INF/lib/classmate-1.1.0.jar]. Consider adding the JAR to the tomcat.util.scan.StandardJarScanFilter.jarsToSkip property in CATALINA_BASE/conf/catalina.properties file.
18-Sep-2018 11:09:20.319 INFO [localhost-startStop-1] org.apache.jasper.servlet.TldScanner.scanJars At least one JAR was scanned for TLDs yet contained no TLDs. Enable debug logging for this logger for a complete list of JARs that were scanned but no TLDs were found in them. Skipping unneeded JARs during scanning can improve startup time and JSP compilation time.
18-Sep-2018 11:09:20.555 SEVERE [localhost-startStop-1] org.apache.catalina.core.StandardContext.startInternal One or more listeners failed to start. Full details will be found in the appropriate container log file
18-Sep-2018 11:09:20.568 SEVERE [localhost-startStop-1] org.apache.catalina.core.StandardContext.startInternal Context [/tod] startup failed due to previous errors
18-Sep-2018 11:09:20.589 INFO [localhost-startStop-1] org.apache.catalina.startup.HostConfig.deployWAR Deployment of web application archive [/opt/tomcat/webapps/tod.war] has finished in [3,064] ms
18-Sep-2018 11:09:20.590 INFO [localhost-startStop-1] org.apache.catalina.startup.HostConfig.deployDirectory Deploying web application directory [/opt/tomcat/webapps/ROOT]
18-Sep-2018 11:09:20.607 FINE [localhost-startStop-1] org.apache.jasper.servlet.TldScanner.scanResourcePaths No TLD files were found in resource path [/WEB-INF/].
18-Sep-2018 11:09:20.621 INFO [localhost-startStop-1] org.apache.catalina.startup.HostConfig.deployDirectory Deployment of web application directory [/opt/tomcat/webapps/ROOT] has finished in [31] ms
18-Sep-2018 11:09:20.622 INFO [localhost-startStop-1] org.apache.catalina.startup.HostConfig.deployDirectory Deploying web application directory [/opt/tomcat/webapps/manager]
18-Sep-2018 11:09:20.650 FINE [localhost-startStop-1] org.apache.jasper.servlet.TldScanner.scanResourcePaths No TLD files were found in resource path [/WEB-INF/jsp/].
18-Sep-2018 11:09:20.650 FINE [localhost-startStop-1] org.apache.jasper.servlet.TldScanner.scanResourcePaths No TLD files were found in resource path [/WEB-INF/].
18-Sep-2018 11:09:20.658 INFO [localhost-startStop-1] org.apache.catalina.startup.HostConfig.deployDirectory Deployment of web application directory [/opt/tomcat/webapps/manager] has finished in [37] ms
18-Sep-2018 11:09:20.658 INFO [localhost-startStop-1] org.apache.catalina.startup.HostConfig.deployDirectory Deploying web application directory [/opt/tomcat/webapps/host-manager]
18-Sep-2018 11:09:20.684 FINE [localhost-startStop-1] org.apache.jasper.servlet.TldScanner.scanResourcePaths No TLD files were found in resource path [/WEB-INF/jsp/].
18-Sep-2018 11:09:20.684 FINE [localhost-startStop-1] org.apache.jasper.servlet.TldScanner.scanResourcePaths No TLD files were found in resource path [/WEB-INF/].
18-Sep-2018 11:09:20.686 INFO [localhost-startStop-1] org.apache.catalina.startup.HostConfig.deployDirectory Deployment of web application directory [/opt/tomcat/webapps/host-manager] has finished in [28] ms
18-Sep-2018 11:09:20.687 INFO [localhost-startStop-1] org.apache.catalina.startup.HostConfig.deployDirectory Deploying web application directory [/opt/tomcat/webapps/examples]
18-Sep-2018 11:09:20.819 FINE [localhost-startStop-1] org.apache.jasper.servlet.TldScanner.scanResourcePaths No TLD files were found in resource path [/WEB-INF/jsp/applet/].
18-Sep-2018 11:09:20.819 FINE [localhost-startStop-1] org.apache.jasper.servlet.TldScanner.scanResourcePaths TLD files were found in resource path [/WEB-INF/jsp/].
18-Sep-2018 11:09:20.819 FINE [localhost-startStop-1] org.apache.jasper.servlet.TldScanner.scanResourcePaths No TLD files were found in resource path [/WEB-INF/tags/].
18-Sep-2018 11:09:20.819 FINE [localhost-startStop-1] org.apache.jasper.servlet.TldScanner.scanResourcePaths TLD files were found in resource path [/WEB-INF/jsp2/].
18-Sep-2018 11:09:20.819 FINE [localhost-startStop-1] org.apache.jasper.servlet.TldScanner.scanResourcePaths No TLD files were found in resource path [/WEB-INF/].
18-Sep-2018 11:09:20.842 FINE [localhost-startStop-1] org.apache.jasper.servlet.TldScanner$TldScannerCallback.scan TLD files were found in JAR [file:/opt/tomcat/webapps/examples/WEB-INF/lib/taglibs-standard-impl-1.2.5.jar].
18-Sep-2018 11:09:20.854 INFO [localhost-startStop-1] org.apache.catalina.startup.HostConfig.deployDirectory Deployment of web application directory [/opt/tomcat/webapps/examples] has finished in [166] ms
18-Sep-2018 11:09:20.854 INFO [localhost-startStop-1] org.apache.catalina.startup.HostConfig.deployDirectory Deploying web application directory [/opt/tomcat/webapps/docs]
18-Sep-2018 11:09:20.864 FINE [localhost-startStop-1] org.apache.jasper.servlet.TldScanner.scanResourcePaths No TLD files were found in resource path [/WEB-INF/].
18-Sep-2018 11:09:20.865 INFO [localhost-startStop-1] org.apache.catalina.startup.HostConfig.deployDirectory Deployment of web application directory [/opt/tomcat/webapps/docs] has finished in [11] ms
18-Sep-2018 11:09:20.877 INFO [main] org.apache.coyote.AbstractProtocol.start Starting ProtocolHandler ["http-nio-8080"]
18-Sep-2018 11:09:20.891 INFO [main] org.apache.coyote.AbstractProtocol.start Starting ProtocolHandler ["ajp-nio-8009"]
18-Sep-2018 11:09:20.899 INFO [main] org.apache.catalina.startup.Catalina.start Server startup in 3467 ms
